0 info it worked if it ends with ok
1 verbose cli [ '/home/sebastian/anaconda3/envs/masters_thesis/bin/node',
1 verbose cli   '/home/sebastian/anaconda3/envs/masters_thesis/bin/npm',
1 verbose cli   'run',
1 verbose cli   'build' ]
2 info using npm@3.10.10
3 info using node@v6.13.1
4 verbose run-script [ 'prebuild', 'build', 'postbuild' ]
5 info lifecycle streamlit-network-graph@0.1.1~prebuild: streamlit-network-graph@0.1.1
6 silly lifecycle streamlit-network-graph@0.1.1~prebuild: no script for prebuild, continuing
7 info lifecycle streamlit-network-graph@0.1.1~build: streamlit-network-graph@0.1.1
8 verbose lifecycle streamlit-network-graph@0.1.1~build: unsafe-perm in lifecycle true
9 verbose lifecycle streamlit-network-graph@0.1.1~build: PATH: /home/sebastian/anaconda3/envs/masters_thesis/lib/node_modules/npm/bin/node-gyp-bin:/home/sebastian/msc/masters_thesis/code/spelling_correction/demo/components/plotting/streamlit_network_graph/frontend/node_modules/.bin:/home/sebastian/anaconda3/envs/masters_thesis/bin:/home/sebastian/anaconda3/condabin:/home/sebastian/.cargo/bin:/home/sebastian/bin:/usr/local/sbin:/usr/local/bin:/usr/sbin:/usr/bin:/sbin:/bin:/usr/games:/usr/local/games:/snap/bin:/home/sebastian/development/flutter/bin:/home/sebastian/development/flutter/bin/cache/dart-sdk/bin:/home/sebastian/.pub-cache/bin:/home/sebastian/Android/Sdk/platform-tools
10 verbose lifecycle streamlit-network-graph@0.1.1~build: CWD: /home/sebastian/msc/masters_thesis/code/spelling_correction/demo/components/plotting/streamlit_network_graph/frontend
11 silly lifecycle streamlit-network-graph@0.1.1~build: Args: [ '-c', 'react-scripts build' ]
12 silly lifecycle streamlit-network-graph@0.1.1~build: Returned: code: 1  signal: null
13 info lifecycle streamlit-network-graph@0.1.1~build: Failed to exec build script
14 verbose stack Error: streamlit-network-graph@0.1.1 build: `react-scripts build`
14 verbose stack Exit status 1
14 verbose stack     at EventEmitter.<anonymous> (/home/sebastian/anaconda3/envs/masters_thesis/lib/node_modules/npm/lib/utils/lifecycle.js:255:16)
14 verbose stack     at emitTwo (events.js:106:13)
14 verbose stack     at EventEmitter.emit (events.js:191:7)
14 verbose stack     at ChildProcess.<anonymous> (/home/sebastian/anaconda3/envs/masters_thesis/lib/node_modules/npm/lib/utils/spawn.js:40:14)
14 verbose stack     at emitTwo (events.js:106:13)
14 verbose stack     at ChildProcess.emit (events.js:191:7)
14 verbose stack     at maybeClose (internal/child_process.js:920:16)
14 verbose stack     at Process.ChildProcess._handle.onexit (internal/child_process.js:230:5)
15 verbose pkgid streamlit-network-graph@0.1.1
16 verbose cwd /home/sebastian/msc/masters_thesis/code/spelling_correction/demo/components/plotting/streamlit_network_graph/frontend
17 error Linux 5.13.0-27-generic
18 error argv "/home/sebastian/anaconda3/envs/masters_thesis/bin/node" "/home/sebastian/anaconda3/envs/masters_thesis/bin/npm" "run" "build"
19 error node v6.13.1
20 error npm  v3.10.10
21 error code ELIFECYCLE
22 error streamlit-network-graph@0.1.1 build: `react-scripts build`
22 error Exit status 1
23 error Failed at the streamlit-network-graph@0.1.1 build script 'react-scripts build'.
23 error Make sure you have the latest version of node.js and npm installed.
23 error If you do, this is most likely a problem with the streamlit-network-graph package,
23 error not with npm itself.
23 error Tell the author that this fails on your system:
23 error     react-scripts build
23 error You can get information on how to open an issue for this project with:
23 error     npm bugs streamlit-network-graph
23 error Or if that isn't available, you can get their info via:
23 error     npm owner ls streamlit-network-graph
23 error There is likely additional logging output above.
24 verbose exit [ 1, true ]
